<?xml version="1.0" encoding="UTF-8"?>
<!-- Generated by org.testng.reporters.JUnitXMLReporter -->
<testsuite ignored="0" hostname="DESKTOP-93O1S8M" failures="0" tests="6" name="Default test" time="1.842" errors="0" timestamp="23 Jan 2020 04:52:48 GMT">
  <testcase classname="dataProvider.DataPvdCls" name="dataProviderEx" time="0.038"/>
  <testcase classname="dataProvider.DataPvdCls" name="dataProviderEx" time="0.007"/>
  <testcase classname="dataProvider.DataPvdCls" name="dataProviderEx" time="0.017"/>
  <testcase classname="dataProvider.DataPvdCls" name="dataProviderEx" time="0.012"/>
  <testcase classname="dataProvider.DataPvdCls" name="dataProviderEx" time="0.017"/>
  <testcase classname="dataProvider.DataPvdCls" name="dataProviderEx" time="0.014"/>
</testsuite> <!-- Default test -->
