<?xml version="1.0" encoding="UTF-8"?>
<testng-results skipped="0" failed="0" ignored="0" total="2" passed="2">
  <reporter-output>
  </reporter-output>
  <suite name="Suite" duration-ms="141" started-at="2020-01-17T13:47:58Z" finished-at="2020-01-17T13:47:58Z">
    <groups>
    </groups>
    <test name="Test" duration-ms="141" started-at="2020-01-17T13:47:58Z" finished-at="2020-01-17T13:47:58Z">
      <class name="Automation.mavenExample.Sample">
        <test-method status="PASS" signature="test()[pri:0, instance:Automation.mavenExample.Sample@b684286]" name="test" duration-ms="31" started-at="2020-01-17T13:47:58Z" finished-at="2020-01-17T13:47:58Z">
          <reporter-output>
          </reporter-output>
        </test-method> <!-- test -->
        <test-method status="PASS" signature="test1()[pri:0, instance:Automation.mavenExample.Sample@b684286]" name="test1" duration-ms="0" started-at="2020-01-17T13:47:58Z" finished-at="2020-01-17T13:47:58Z">
          <reporter-output>
          </reporter-output>
        </test-method> <!-- test1 -->
      </class> <!-- Automation.mavenExample.Sample -->
    </test> <!-- Test -->
  </suite> <!-- Suite -->
</testng-results>
